{"name": "test_LoginValid", "status": "failed", "statusDetails": {"message": "AssertionError: assert 2.531765 < 2\n +  where 2.531765 = <built-in method total_seconds of datetime.timedelta object at 0x000002124047F990>()\n +    where <built-in method total_seconds of datetime.timedelta object at 0x000002124047F990> = datetime.timedelta(seconds=2, microseconds=531765).total_seconds\n +      where datetime.timedelta(seconds=2, microseconds=531765) = <Response [200]>.elapsed", "trace": "self = <Tests.Server.testApi.Test_login object at 0x000002124047DBA0>\n\n    def test_LoginValid(self):\n        #api url of web\n        url = \"https://trip-yoetz.herokuapp.com/auth/login\"\n        # get request payload\n        body = {\"email\":\"chris@gamil.com\",\"password\":\"ahruah123\"}\n        response = requests.post(url, data=body)\n        assert response.status_code == 200\n>       assert response.elapsed.total_seconds() < 2\nE       assert 2.531765 < 2\nE        +  where 2.531765 = <built-in method total_seconds of datetime.timedelta object at 0x000002124047F990>()\nE        +    where <built-in method total_seconds of datetime.timedelta object at 0x000002124047F990> = datetime.timedelta(seconds=2, microseconds=531765).total_seconds\nE        +      where datetime.timedelta(seconds=2, microseconds=531765) = <Response [200]>.elapsed\n\nTests\\Server\\testApi.py:13: AssertionError"}, "start": 1653418849583, "stop": 1653418852129, "uuid": "01944098-4d94-4e88-8440-d6e3c27849db", "historyId": "030a993f6640f6dde438f66e690c1229", "testCaseId": "4a212a7e71f9f2dfd269778e08dc8a8b", "fullName": "Tests.Server.testApi.Test_login#test_LoginValid", "labels": [{"name": "parentSuite", "value": "Tests.Server"}, {"name": "suite", "value": "testApi"}, {"name": "subSuite", "value": "Test_login"}, {"name": "host", "value": "DESKTOP-I67UJU4"}, {"name": "thread", "value": "13320-MainThread"}, {"name": "framework", "value": "pytest"}, {"name": "language", "value": "cpython3"}, {"name": "package", "value": "Tests.Server.testApi"}]}