{"name": "test_LoginValid", "status": "failed", "statusDetails": {"message": "AssertionError: assert 0.923809 < 0.5\n +  where 0.923809 = <built-in method total_seconds of datetime.timedelta object at 0x0000021C6C053930>()\n +    where <built-in method total_seconds of datetime.timedelta object at 0x0000021C6C053930> = datetime.timedelta(microseconds=923809).total_seconds\n +      where datetime.timedelta(microseconds=923809) = <Response [200]>.elapsed", "trace": "self = <Tests.Server.testApi.TestLogin object at 0x0000021C6C0518A0>\n\n    def test_LoginValid(self):\n        #api url of web\n        url = \"https://trip-yoetz.herokuapp.com/auth/login\"\n        # get request payload\n        body = {\"email\":\"chris@gamil.com\",\"password\":\"ahruah123\"}\n        response = requests.post(url, json=body)\n        assert response.status_code == 200\n>       assert response.elapsed.total_seconds() < 0.5\nE       assert 0.923809 < 0.5\nE        +  where 0.923809 = <built-in method total_seconds of datetime.timedelta object at 0x0000021C6C053930>()\nE        +    where <built-in method total_seconds of datetime.timedelta object at 0x0000021C6C053930> = datetime.timedelta(microseconds=923809).total_seconds\nE        +      where datetime.timedelta(microseconds=923809) = <Response [200]>.elapsed\n\nTests\\Server\\testApi.py:14: AssertionError"}, "start": 1653396499542, "stop": 1653396500481, "uuid": "7e48b91e-694e-478c-a8c1-4a9645719e05", "historyId": "8a334159fddda7273ac4b4422d3aa174", "testCaseId": "83063b29b365cbc0ef419e8fc5249304", "fullName": "Tests.Server.testApi.TestLogin#test_LoginValid", "labels": [{"name": "parentSuite", "value": "Tests.Server"}, {"name": "suite", "value": "testApi"}, {"name": "subSuite", "value": "TestLogin"}, {"name": "host", "value": "DESKTOP-I67UJU4"}, {"name": "thread", "value": "12400-MainThread"}, {"name": "framework", "value": "pytest"}, {"name": "language", "value": "cpython3"}, {"name": "package", "value": "Tests.Server.testApi"}]}