{"name": "test_LoginValid", "status": "failed", "statusDetails": {"message": "AssertionError: assert 1.007209 < 1\n +  where 1.007209 = <built-in method total_seconds of datetime.timedelta object at 0x000001CED0C13930>()\n +    where <built-in method total_seconds of datetime.timedelta object at 0x000001CED0C13930> = datetime.timedelta(seconds=1, microseconds=7209).total_seconds\n +      where datetime.timedelta(seconds=1, microseconds=7209) = <Response [200]>.elapsed", "trace": "self = <Tests.Server.testApi.TestLogin object at 0x000001CED0C118A0>\n\n    def test_LoginValid(self):\n        #api url of web\n        url = \"https://trip-yoetz.herokuapp.com/auth/login\"\n        # get request payload\n        body = {\"email\":\"chris@gamil.com\",\"password\":\"ahruah123\"}\n        response = requests.post(url, json=body)\n        assert response.status_code == 200\n>       assert response.elapsed.total_seconds() < 1\nE       assert 1.007209 < 1\nE        +  where 1.007209 = <built-in method total_seconds of datetime.timedelta object at 0x000001CED0C13930>()\nE        +    where <built-in method total_seconds of datetime.timedelta object at 0x000001CED0C13930> = datetime.timedelta(seconds=1, microseconds=7209).total_seconds\nE        +      where datetime.timedelta(seconds=1, microseconds=7209) = <Response [200]>.elapsed\n\nTests\\Server\\testApi.py:14: AssertionError"}, "start": 1653396634641, "stop": 1653396635654, "uuid": "75b7e143-6b15-4e26-b583-83e230394574", "historyId": "8a334159fddda7273ac4b4422d3aa174", "testCaseId": "83063b29b365cbc0ef419e8fc5249304", "fullName": "Tests.Server.testApi.TestLogin#test_LoginValid", "labels": [{"name": "parentSuite", "value": "Tests.Server"}, {"name": "suite", "value": "testApi"}, {"name": "subSuite", "value": "TestLogin"}, {"name": "host", "value": "DESKTOP-I67UJU4"}, {"name": "thread", "value": "6912-MainThread"}, {"name": "framework", "value": "pytest"}, {"name": "language", "value": "cpython3"}, {"name": "package", "value": "Tests.Server.testApi"}]}